2024-12-13 18:42:23,263 - INFO - Scraping page 1...
2024-12-13 18:42:23,354 - ERROR - Error fetching search results: 403 Client Error: Forbidden for url: https://www.simplyhired.co.in/search?q=java%20developer&l=hyderabad&pn=1
2024-12-13 18:42:23,355 - INFO - No jobs found on page 1
2024-12-13 18:42:23,355 - INFO - Scraping completed. Total jobs found: 0
2024-12-13 18:42:50,430 - INFO - Scraping page 1...
2024-12-13 18:42:50,492 - ERROR - Error fetching search results: 403 Client Error: Forbidden for url: https://www.simplyhired.co.in/search?q=python%20developer&l=hyderabad&pn=1
2024-12-13 18:42:50,492 - INFO - No jobs found on page 1
2024-12-13 18:42:50,492 - INFO - Scraping completed. Total jobs found: 0
2024-12-13 18:43:38,983 - INFO - Scraping page 1...
2024-12-13 18:43:39,038 - ERROR - Error fetching search results: 403 Client Error: Forbidden for url: https://www.simplyhired.co.in/search?q=python%20developer&l=&pn=1
2024-12-13 18:43:39,038 - INFO - No jobs found on page 1
2024-12-13 18:43:39,038 - INFO - Scraping completed. Total jobs found: 0
2024-12-13 18:45:04,084 - INFO - Scraping page 1...
2024-12-13 18:45:04,086 - INFO - Visiting homepage first...
2024-12-13 18:45:06,159 - INFO - Fetching: https://www.simplyhired.co.in/search
2024-12-13 18:45:06,206 - ERROR - Access denied. Trying with additional headers...
2024-12-13 18:45:06,251 - ERROR - Error fetching search results: 403 Client Error: Forbidden for url: https://www.simplyhired.co.in/search?q=java+developerr&l=&pn=1
2024-12-13 18:45:06,251 - INFO - No jobs found on page 1
2024-12-13 18:45:06,252 - INFO - Scraping completed. Total jobs found: 0
2024-12-13 18:45:38,435 - INFO - Scraping page 1...
2024-12-13 18:45:38,435 - INFO - Visiting homepage first...
2024-12-13 18:45:40,507 - INFO - Fetching: https://www.simplyhired.co.in/search
2024-12-13 18:45:40,554 - ERROR - Access denied. Trying with additional headers...
2024-12-13 18:45:40,589 - ERROR - Error fetching search results: 403 Client Error: Forbidden for url: https://www.simplyhired.co.in/search?q=python+developer&l=&pn=1
2024-12-13 18:45:40,589 - INFO - No jobs found on page 1
2024-12-13 18:45:40,590 - INFO - Scraping completed. Total jobs found: 0
2024-12-13 18:46:36,385 - INFO - Scraping page 1...
2024-12-13 18:46:36,387 - INFO - Visiting homepage first...
2024-12-13 18:46:38,449 - INFO - Fetching: https://www.simplyhired.co.in/search
2024-12-13 18:46:38,463 - ERROR - Error fetching search results: HTTPSConnectionPool(host='www.simplyhired.co.in', port=443): Max retries exceeded with url: /search?q=pyhton+developer&l=&pn=1 (Caused by ProxyError('Unable to connect to proxy', NameResolutionError("<urllib3.connection.HTTPSConnection object at 0x1056b9dc0>: Failed to resolve 'your_proxy_here' ([Errno 8] nodename nor servname provided, or not known)")))
2024-12-13 18:46:38,464 - INFO - No jobs found on page 1
2024-12-13 18:46:38,464 - INFO - Scraping completed. Total jobs found: 0
2024-12-13 18:47:01,551 - INFO - Scraping page 1...
2024-12-13 18:47:01,551 - INFO - Visiting homepage first...
2024-12-13 18:47:03,612 - INFO - Fetching: https://www.simplyhired.co.in/search
2024-12-13 18:47:03,620 - ERROR - Error fetching search results: HTTPSConnectionPool(host='www.simplyhired.co.in', port=443): Max retries exceeded with url: /search?q=java+developer&l=&pn=1 (Caused by ProxyError('Unable to connect to proxy', NameResolutionError("<urllib3.connection.HTTPSConnection object at 0x100dadb20>: Failed to resolve 'your_proxy_here' ([Errno 8] nodename nor servname provided, or not known)")))
2024-12-13 18:47:03,620 - INFO - No jobs found on page 1
2024-12-13 18:47:03,621 - INFO - Scraping completed. Total jobs found: 0
2024-12-13 18:51:51,793 - INFO - Scraping page 1...
2024-12-13 18:51:51,795 - INFO - Visiting homepage first...
2024-12-13 18:51:53,862 - INFO - Fetching: https://www.simplyhired.co.in/search
2024-12-13 18:51:53,904 - ERROR - Access denied. Trying with additional headers...
2024-12-13 18:51:53,938 - ERROR - Error fetching search results: 403 Client Error: Forbidden for url: https://www.simplyhired.co.in/search?q=pyhton+developer&l=hyderabad&pn=1
2024-12-13 18:51:53,938 - INFO - No jobs found on page 1
2024-12-13 18:51:53,939 - INFO - Scraping completed. Total jobs found: 0
2024-12-18 22:33:36,918 - INFO - Scraping page 1...
2024-12-18 22:33:41,717 - ERROR - Error scraping page 1: HTTPSConnectionPool(host='www.geeksforgeeks.org', port=443): Max retries exceeded with url: /python-projects-beginner-to-advanced/ (Caused by SSLError(SSLCertVerificationError(1, '[SSL: CERTIFICATE_VERIFY_FAILED] certificate verify failed: self-signed certificate in certificate chain (_ssl.c:1000)')))
2024-12-18 22:33:41,717 - INFO - Scraping page 2...
2024-12-18 22:33:45,554 - ERROR - Error scraping page 2: HTTPSConnectionPool(host='www.geeksforgeeks.org', port=443): Max retries exceeded with url: /python-projects-beginner-to-advanced/&pn=2 (Caused by SSLError(SSLCertVerificationError(1, '[SSL: CERTIFICATE_VERIFY_FAILED] certificate verify failed: self-signed certificate in certificate chain (_ssl.c:1000)')))
2024-12-18 22:33:45,555 - INFO - Scraping completed. Total jobs found: 0
2024-12-18 22:39:46,093 - INFO - Scraping page 1...
2024-12-18 22:39:49,692 - ERROR - Error scraping page 1: Invalid URL 'brew install db-browser-for-sqlite': No scheme supplied. Perhaps you meant https://brew install db-browser-for-sqlite?
2024-12-18 22:39:49,693 - INFO - Scraping page 2...
2024-12-18 22:39:51,919 - ERROR - Error scraping page 2: Invalid URL 'brew install db-browser-for-sqlite&pn=2': No scheme supplied. Perhaps you meant https://brew install db-browser-for-sqlite&pn=2?
2024-12-18 22:39:51,919 - INFO - Scraping page 3...
2024-12-18 22:39:55,888 - ERROR - Error scraping page 3: Invalid URL 'brew install db-browser-for-sqlite&pn=3': No scheme supplied. Perhaps you meant https://brew install db-browser-for-sqlite&pn=3?
2024-12-18 22:39:55,888 - INFO - Scraping completed. Total jobs found: 0
2024-12-18 22:40:27,146 - INFO - Scraping page 1...
2024-12-18 22:40:30,453 - ERROR - Error scraping page 1: HTTPSConnectionPool(host='www.simplyhired.co.in', port=443): Max retries exceeded with url: /search?q=python+&l=hyderabad%2C+telangana (Caused by SSLError(SSLCertVerificationError(1, '[SSL: CERTIFICATE_VERIFY_FAILED] certificate verify failed: unable to get local issuer certificate (_ssl.c:1000)')))
2024-12-18 22:40:30,453 - INFO - Scraping page 2...
2024-12-18 22:40:32,956 - ERROR - Error scraping page 2: HTTPSConnectionPool(host='www.simplyhired.co.in', port=443): Max retries exceeded with url: /search?q=python+&l=hyderabad%2C+telangana&pn=2 (Caused by SSLError(SSLCertVerificationError(1, '[SSL: CERTIFICATE_VERIFY_FAILED] certificate verify failed: unable to get local issuer certificate (_ssl.c:1000)')))
2024-12-18 22:40:32,956 - INFO - Scraping page 3...
2024-12-18 22:40:37,166 - ERROR - Error scraping page 3: HTTPSConnectionPool(host='www.simplyhired.co.in', port=443): Max retries exceeded with url: /search?q=python+&l=hyderabad%2C+telangana&pn=3 (Caused by SSLError(SSLCertVerificationError(1, '[SSL: CERTIFICATE_VERIFY_FAILED] certificate verify failed: unable to get local issuer certificate (_ssl.c:1000)')))
2024-12-18 22:40:37,167 - INFO - Scraping page 4...
2024-12-18 22:40:39,470 - ERROR - Error scraping page 4: HTTPSConnectionPool(host='www.simplyhired.co.in', port=443): Max retries exceeded with url: /search?q=python+&l=hyderabad%2C+telangana&pn=4 (Caused by SSLError(SSLCertVerificationError(1, '[SSL: CERTIFICATE_VERIFY_FAILED] certificate verify failed: unable to get local issuer certificate (_ssl.c:1000)')))
2024-12-18 22:40:39,470 - INFO - Scraping page 5...
2024-12-18 22:40:42,020 - ERROR - Error scraping page 5: HTTPSConnectionPool(host='www.simplyhired.co.in', port=443): Max retries exceeded with url: /search?q=python+&l=hyderabad%2C+telangana&pn=5 (Caused by SSLError(SSLCertVerificationError(1, '[SSL: CERTIFICATE_VERIFY_FAILED] certificate verify failed: unable to get local issuer certificate (_ssl.c:1000)')))
2024-12-18 22:40:42,021 - INFO - Scraping page 6...
2024-12-18 22:40:46,356 - ERROR - Error scraping page 6: HTTPSConnectionPool(host='www.simplyhired.co.in', port=443): Max retries exceeded with url: /search?q=python+&l=hyderabad%2C+telangana&pn=6 (Caused by SSLError(SSLCertVerificationError(1, '[SSL: CERTIFICATE_VERIFY_FAILED] certificate verify failed: unable to get local issuer certificate (_ssl.c:1000)')))
2024-12-18 22:40:46,356 - INFO - Scraping page 7...
2024-12-18 22:40:49,979 - ERROR - Error scraping page 7: HTTPSConnectionPool(host='www.simplyhired.co.in', port=443): Max retries exceeded with url: /search?q=python+&l=hyderabad%2C+telangana&pn=7 (Caused by SSLError(SSLCertVerificationError(1, '[SSL: CERTIFICATE_VERIFY_FAILED] certificate verify failed: unable to get local issuer certificate (_ssl.c:1000)')))
2024-12-18 22:40:49,979 - INFO - Scraping page 8...
2024-12-18 22:40:53,059 - ERROR - Error scraping page 8: HTTPSConnectionPool(host='www.simplyhired.co.in', port=443): Max retries exceeded with url: /search?q=python+&l=hyderabad%2C+telangana&pn=8 (Caused by SSLError(SSLCertVerificationError(1, '[SSL: CERTIFICATE_VERIFY_FAILED] certificate verify failed: unable to get local issuer certificate (_ssl.c:1000)')))
2024-12-18 22:40:53,060 - INFO - Scraping page 9...
2024-12-18 22:40:57,520 - ERROR - Error scraping page 9: HTTPSConnectionPool(host='www.simplyhired.co.in', port=443): Max retries exceeded with url: /search?q=python+&l=hyderabad%2C+telangana&pn=9 (Caused by SSLError(SSLCertVerificationError(1, '[SSL: CERTIFICATE_VERIFY_FAILED] certificate verify failed: unable to get local issuer certificate (_ssl.c:1000)')))
2024-12-18 22:40:57,520 - INFO - Scraping page 10...
2024-12-18 22:41:02,377 - ERROR - Error scraping page 10: HTTPSConnectionPool(host='www.simplyhired.co.in', port=443): Max retries exceeded with url: /search?q=python+&l=hyderabad%2C+telangana&pn=10 (Caused by SSLError(SSLCertVerificationError(1, '[SSL: CERTIFICATE_VERIFY_FAILED] certificate verify failed: unable to get local issuer certificate (_ssl.c:1000)')))
2024-12-18 22:41:02,377 - INFO - Scraping completed. Total jobs found: 0
2024-12-18 22:45:42,548 - INFO - Scraping page 1...
2024-12-18 22:45:45,579 - ERROR - Error scraping page 1: Invalid URL 'brew install db-browser-for-sqlite': No scheme supplied. Perhaps you meant https://brew install db-browser-for-sqlite?
2024-12-18 22:45:45,579 - INFO - Scraping page 2...
2024-12-18 22:45:49,339 - ERROR - Error scraping page 2: Invalid URL 'brew install db-browser-for-sqlite&pn=2': No scheme supplied. Perhaps you meant https://brew install db-browser-for-sqlite&pn=2?
2024-12-18 22:45:49,340 - INFO - Scraping page 3...
2024-12-18 22:56:52,526 - INFO - Scraping page 1...
2024-12-18 22:56:54,879 - ERROR - Error scraping page 1: HTTPSConnectionPool(host='www.simplyhired.co.in', port=443): Max retries exceeded with url: /search?q=python+developer&l=hyderabad (Caused by SSLError(SSLCertVerificationError(1, '[SSL: CERTIFICATE_VERIFY_FAILED] certificate verify failed: unable to get local issuer certificate (_ssl.c:1000)')))
2024-12-18 22:56:54,879 - INFO - Scraping page 2...
2024-12-18 22:56:59,660 - ERROR - Error scraping page 2: HTTPSConnectionPool(host='www.simplyhired.co.in', port=443): Max retries exceeded with url: /search?q=python+developer&l=hyderabad&pn=2 (Caused by SSLError(SSLCertVerificationError(1, '[SSL: CERTIFICATE_VERIFY_FAILED] certificate verify failed: unable to get local issuer certificate (_ssl.c:1000)')))
2024-12-18 22:56:59,660 - INFO - Scraping page 3...
2024-12-18 22:57:03,566 - ERROR - Error scraping page 3: HTTPSConnectionPool(host='www.simplyhired.co.in', port=443): Max retries exceeded with url: /search?q=python+developer&l=hyderabad&pn=3 (Caused by SSLError(SSLCertVerificationError(1, '[SSL: CERTIFICATE_VERIFY_FAILED] certificate verify failed: unable to get local issuer certificate (_ssl.c:1000)')))
2024-12-18 22:57:03,567 - INFO - Scraping completed. Total jobs found: 0
2024-12-18 22:58:03,147 - INFO - Scraping page 1...
2024-12-18 22:58:06,673 - ERROR - Error scraping page 1: HTTPSConnectionPool(host='www.simplyhired.co.in', port=443): Max retries exceeded with url: /search?q=python+developer&l=hyderabad (Caused by SSLError(SSLCertVerificationError(1, '[SSL: CERTIFICATE_VERIFY_FAILED] certificate verify failed: unable to get local issuer certificate (_ssl.c:1000)')))
2024-12-18 22:58:06,673 - INFO - Scraping page 2...
2024-12-18 22:58:09,938 - ERROR - Error scraping page 2: HTTPSConnectionPool(host='www.simplyhired.co.in', port=443): Max retries exceeded with url: /search?q=python+developer&l=hyderabad&pn=2 (Caused by SSLError(SSLCertVerificationError(1, '[SSL: CERTIFICATE_VERIFY_FAILED] certificate verify failed: unable to get local issuer certificate (_ssl.c:1000)')))
2024-12-18 22:58:09,938 - INFO - Scraping page 3...
2024-12-18 22:58:13,237 - ERROR - Error scraping page 3: HTTPSConnectionPool(host='www.simplyhired.co.in', port=443): Max retries exceeded with url: /search?q=python+developer&l=hyderabad&pn=3 (Caused by SSLError(SSLCertVerificationError(1, '[SSL: CERTIFICATE_VERIFY_FAILED] certificate verify failed: unable to get local issuer certificate (_ssl.c:1000)')))
2024-12-18 22:58:13,237 - INFO - Scraping completed. Total jobs found: 0
2024-12-18 23:03:20,689 - ERROR - Error scraping page 1: Failed to parse: http://your-proxy:port
2024-12-18 23:03:24,501 - ERROR - Error scraping page 2: Failed to parse: http://your-proxy:port
2024-12-18 23:03:29,182 - ERROR - Error scraping page 3: Failed to parse: http://your-proxy:port
2024-12-18 23:03:29,183 - INFO - Scraping completed. Total jobs found: 0
2024-12-18 23:08:07,404 - ERROR - Error scraping page 1: Failed to parse: http://your-proxy:port
2024-12-18 23:08:12,787 - ERROR - Error scraping page 2: Failed to parse: http://your-proxy:port
2024-12-18 23:08:19,576 - ERROR - Error scraping page 3: Failed to parse: http://your-proxy:port
2024-12-18 23:08:19,576 - INFO - Scraping completed. Total jobs found: 0
2024-12-18 23:19:10,437 - ERROR - Error scraping page 1: HTTPSConnectionPool(host='www.simplyhired.com', port=443): Max retries exceeded with url: /search?q=python+developer&l=remote (Caused by SSLError(SSLCertVerificationError(1, '[SSL: CERTIFICATE_VERIFY_FAILED] certificate verify failed: unable to get local issuer certificate (_ssl.c:1000)')))
2024-12-18 23:19:15,477 - ERROR - Error scraping page 2: HTTPSConnectionPool(host='www.simplyhired.com', port=443): Max retries exceeded with url: /search?q=python+developer&l=remote&pn=2 (Caused by SSLError(SSLCertVerificationError(1, '[SSL: CERTIFICATE_VERIFY_FAILED] certificate verify failed: unable to get local issuer certificate (_ssl.c:1000)')))
2024-12-18 23:19:18,788 - ERROR - Error scraping page 3: HTTPSConnectionPool(host='www.simplyhired.com', port=443): Max retries exceeded with url: /search?q=python+developer&l=remote&pn=3 (Caused by SSLError(SSLCertVerificationError(1, '[SSL: CERTIFICATE_VERIFY_FAILED] certificate verify failed: unable to get local issuer certificate (_ssl.c:1000)')))
2024-12-18 23:19:18,788 - INFO - Scraping completed. Total jobs found: 0
2024-12-19 14:27:53,293 - ERROR - Attempt 1 failed: HTTPSConnectionPool(host='www.simplyhired.com', port=443): Max retries exceeded with url: /search?q=python+developer&l=remote (Caused by SSLError(SSLCertVerificationError(1, '[SSL: CERTIFICATE_VERIFY_FAILED] certificate verify failed: unable to get local issuer certificate (_ssl.c:1000)')))
2024-12-19 14:28:12,386 - ERROR - Attempt 2 failed: HTTPSConnectionPool(host='www.simplyhired.com', port=443): Max retries exceeded with url: /search?q=python+developer&l=remote (Caused by SSLError(SSLCertVerificationError(1, '[SSL: CERTIFICATE_VERIFY_FAILED] certificate verify failed: unable to get local issuer certificate (_ssl.c:1000)')))
2024-12-19 14:28:35,500 - ERROR - Attempt 3 failed: HTTPSConnectionPool(host='www.simplyhired.com', port=443): Max retries exceeded with url: /search?q=python+developer&l=remote (Caused by SSLError(SSLCertVerificationError(1, '[SSL: CERTIFICATE_VERIFY_FAILED] certificate verify failed: unable to get local issuer certificate (_ssl.c:1000)')))
2024-12-19 14:29:05,707 - ERROR - Attempt 1 failed: HTTPSConnectionPool(host='www.simplyhired.com', port=443): Max retries exceeded with url: /search?q=python+developer&l=remote&pn=2 (Caused by SSLError(SSLCertVerificationError(1, '[SSL: CERTIFICATE_VERIFY_FAILED] certificate verify failed: unable to get local issuer certificate (_ssl.c:1000)')))
2024-12-19 14:29:22,320 - ERROR - Attempt 2 failed: HTTPSConnectionPool(host='www.simplyhired.com', port=443): Max retries exceeded with url: /search?q=python+developer&l=remote&pn=2 (Caused by SSLError(SSLCertVerificationError(1, '[SSL: CERTIFICATE_VERIFY_FAILED] certificate verify failed: unable to get local issuer certificate (_ssl.c:1000)')))
2024-12-19 14:29:46,868 - ERROR - Attempt 3 failed: HTTPSConnectionPool(host='www.simplyhired.com', port=443): Max retries exceeded with url: /search?q=python+developer&l=remote&pn=2 (Caused by SSLError(SSLCertVerificationError(1, '[SSL: CERTIFICATE_VERIFY_FAILED] certificate verify failed: unable to get local issuer certificate (_ssl.c:1000)')))
2024-12-19 14:30:17,288 - ERROR - Attempt 1 failed: HTTPSConnectionPool(host='www.simplyhired.com', port=443): Max retries exceeded with url: /search?q=python+developer&l=remote&pn=3 (Caused by SSLError(SSLCertVerificationError(1, '[SSL: CERTIFICATE_VERIFY_FAILED] certificate verify failed: unable to get local issuer certificate (_ssl.c:1000)')))
2024-12-19 14:30:35,471 - ERROR - Attempt 2 failed: HTTPSConnectionPool(host='www.simplyhired.com', port=443): Max retries exceeded with url: /search?q=python+developer&l=remote&pn=3 (Caused by SSLError(SSLCertVerificationError(1, '[SSL: CERTIFICATE_VERIFY_FAILED] certificate verify failed: unable to get local issuer certificate (_ssl.c:1000)')))
2024-12-19 14:30:56,535 - ERROR - Attempt 3 failed: HTTPSConnectionPool(host='www.simplyhired.com', port=443): Max retries exceeded with url: /search?q=python+developer&l=remote&pn=3 (Caused by SSLError(SSLCertVerificationError(1, '[SSL: CERTIFICATE_VERIFY_FAILED] certificate verify failed: unable to get local issuer certificate (_ssl.c:1000)')))
2024-12-19 14:31:16,537 - INFO - Scraping completed. Total jobs found: 0
2024-12-19 23:25:09,928 - ERROR - Attempt 1 failed: HTTPSConnectionPool(host='www.simplyhired.com', port=443): Max retries exceeded with url: /search?q=python+developer&l=remote (Caused by SSLError(SSLCertVerificationError(1, '[SSL: CERTIFICATE_VERIFY_FAILED] certificate verify failed: unable to get local issuer certificate (_ssl.c:1000)')))
2024-12-19 23:25:26,384 - ERROR - Attempt 2 failed: HTTPSConnectionPool(host='www.simplyhired.com', port=443): Max retries exceeded with url: /search?q=python+developer&l=remote (Caused by SSLError(SSLCertVerificationError(1, '[SSL: CERTIFICATE_VERIFY_FAILED] certificate verify failed: unable to get local issuer certificate (_ssl.c:1000)')))
2024-12-19 23:25:55,972 - ERROR - Attempt 3 failed: HTTPSConnectionPool(host='www.simplyhired.com', port=443): Max retries exceeded with url: /search?q=python+developer&l=remote (Caused by SSLError(SSLCertVerificationError(1, '[SSL: CERTIFICATE_VERIFY_FAILED] certificate verify failed: unable to get local issuer certificate (_ssl.c:1000)')))
2024-12-19 23:26:33,777 - ERROR - Attempt 1 failed: HTTPSConnectionPool(host='www.simplyhired.com', port=443): Max retries exceeded with url: /search?q=python+developer&l=remote&pn=2 (Caused by SSLError(SSLCertVerificationError(1, '[SSL: CERTIFICATE_VERIFY_FAILED] certificate verify failed: unable to get local issuer certificate (_ssl.c:1000)')))
2024-12-19 23:26:50,931 - ERROR - Attempt 2 failed: HTTPSConnectionPool(host='www.simplyhired.com', port=443): Max retries exceeded with url: /search?q=python+developer&l=remote&pn=2 (Caused by SSLError(SSLCertVerificationError(1, '[SSL: CERTIFICATE_VERIFY_FAILED] certificate verify failed: unable to get local issuer certificate (_ssl.c:1000)')))
2024-12-19 23:27:11,091 - ERROR - Attempt 3 failed: HTTPSConnectionPool(host='www.simplyhired.com', port=443): Max retries exceeded with url: /search?q=python+developer&l=remote&pn=2 (Caused by SSLError(SSLCertVerificationError(1, '[SSL: CERTIFICATE_VERIFY_FAILED] certificate verify failed: unable to get local issuer certificate (_ssl.c:1000)')))
2024-12-19 23:27:49,440 - ERROR - Attempt 1 failed: HTTPSConnectionPool(host='www.simplyhired.com', port=443): Max retries exceeded with url: /search?q=python+developer&l=remote&pn=3 (Caused by SSLError(SSLCertVerificationError(1, '[SSL: CERTIFICATE_VERIFY_FAILED] certificate verify failed: unable to get local issuer certificate (_ssl.c:1000)')))
2024-12-19 23:28:04,530 - ERROR - Attempt 2 failed: HTTPSConnectionPool(host='www.simplyhired.com', port=443): Max retries exceeded with url: /search?q=python+developer&l=remote&pn=3 (Caused by SSLError(SSLCertVerificationError(1, '[SSL: CERTIFICATE_VERIFY_FAILED] certificate verify failed: unable to get local issuer certificate (_ssl.c:1000)')))
2024-12-19 23:28:31,283 - ERROR - Attempt 3 failed: HTTPSConnectionPool(host='www.simplyhired.com', port=443): Max retries exceeded with url: /search?q=python+developer&l=remote&pn=3 (Caused by SSLError(SSLCertVerificationError(1, '[SSL: CERTIFICATE_VERIFY_FAILED] certificate verify failed: unable to get local issuer certificate (_ssl.c:1000)')))
2024-12-19 23:28:51,287 - INFO - Scraping completed. Total jobs found: 0
